  main.cpp
C:\Program Files\opencv\build\include\opencv2/core/mat.hpp(1965): warning C4819: The file contains a character that cannot be represented in the current code page (932). Save the file in Unicode format to prevent data loss
C:\Program Files\opencv\build\include\opencv2/core/persistence.hpp : warning C4819: The file contains a character that cannot be represented in the current code page (932). Save the file in Unicode format to prevent data loss
C:\Program Files\opencv\build\include\opencv2/core/utility.hpp : warning C4819: The file contains a character that cannot be represented in the current code page (932). Save the file in Unicode format to prevent data loss
C:\Program Files\opencv\build\include\opencv2/core/utility.hpp : warning C4819: The file contains a character that cannot be represented in the current code page (932). Save the file in Unicode format to prevent data loss
main.cpp(160): warning C4267: 'argument': conversion from 'size_t' to 'UINT', possible loss of data
main.cpp(169): warning C4101: 'Right_E': unreferenced local variable
main.cpp(169): warning C4101: 'Left_S': unreferenced local variable
main.cpp(169): warning C4101: 'Right_S': unreferenced local variable
main.cpp(169): warning C4101: 'Left_E': unreferenced local variable
main.cpp(322): warning C4244: 'initializing': conversion from 'double' to 'int', possible loss of data
main.cpp(230): warning C4101: 'LHand': unreferenced local variable
main.cpp(230): warning C4101: 'LElbow': unreferenced local variable
main.cpp(224): warning C4101: 'faces': unreferenced local variable
  Generating code
  104 of 3417 functions ( 3.0%) were compiled, the rest were copied from previous compilation.
    0 functions were new in current compilation
    16 functions had inline decision re-evaluated but remain unchanged
  Finished generating code
  Kinect_silviasan.vcxproj -> C:\Users\金澤亮\Desktop\Kinect_silviasan_updated_2020July3\x64\Release\Kinect_silviasan.exe
  Kinect_silviasan.vcxproj -> C:\Users\金澤亮\Desktop\Kinect_silviasan_updated_2020July3\x64\Release\Kinect_silviasan.pdb (Full PDB)
