c:\users\fahad\desktop\pady_kinect-master\pady_kinect-master\pady_kinect\x64\release\vc140.pdb
c:\users\fahad\desktop\pady_kinect-master\pady_kinect-master\pady_kinect\x64\release\stdcalculationlib.obj
c:\users\fahad\desktop\pady_kinect-master\pady_kinect-master\pady_kinect\x64\release\mpc.obj
c:\users\fahad\desktop\pady_kinect-master\pady_kinect-master\pady_kinect\x64\release\main.obj
c:\users\fahad\desktop\pady_kinect-master\pady_kinect-master\pady_kinect\x64\release\gmm.obj
c:\users\fahad\desktop\pady_kinect-master\pady_kinect-master\pady_kinect\x64\release\getstate.obj
c:\users\fahad\desktop\pady_kinect-master\pady_kinect-master\pady_kinect\x64\release\costfunctions.obj
c:\users\fahad\desktop\pady_kinect-master\pady_kinect-master\x64\release\pady_kinect.exe
c:\users\fahad\desktop\pady_kinect-master\pady_kinect-master\x64\release\pady_kinect.ipdb
c:\users\fahad\desktop\pady_kinect-master\pady_kinect-master\x64\release\pady_kinect.iobj
c:\users\fahad\desktop\pady_kinect-master\pady_kinect-master\x64\release\pady_kinect.pdb
g:\pady_trajectoryoptimization\codes\pady_kinect-master\pady_kinect\x64\release\costfunctions.obj
g:\pady_trajectoryoptimization\codes\pady_kinect-master\pady_kinect\x64\release\getstate.obj
g:\pady_trajectoryoptimization\codes\pady_kinect-master\pady_kinect\x64\release\gmm.obj
g:\pady_trajectoryoptimization\codes\pady_kinect-master\pady_kinect\x64\release\main.obj
g:\pady_trajectoryoptimization\codes\pady_kinect-master\pady_kinect\x64\release\mpc.obj
g:\pady_trajectoryoptimization\codes\pady_kinect-master\pady_kinect\x64\release\stdcalculationlib.obj
g:\pady_trajectoryoptimization\codes\pady_kinect-master\pady_kinect\x64\release\vc140.pdb
g:\pady_trajectoryoptimization\codes\pady_kinect-master\x64\release\pady_kinect.pdb
g:\pady_trajectoryoptimization\codes\pady_kinect-master\x64\release\pady_kinect.exe
g:\pady_trajectoryoptimization\codes\pady_kinect-master\pady_kinect\x64\release\pady_kinect.tlog\cl.command.1.tlog
g:\pady_trajectoryoptimization\codes\pady_kinect-master\pady_kinect\x64\release\pady_kinect.tlog\cl.read.1.tlog
g:\pady_trajectoryoptimization\codes\pady_kinect-master\pady_kinect\x64\release\pady_kinect.tlog\cl.write.1.tlog
g:\pady_trajectoryoptimization\codes\pady_kinect-master\pady_kinect\x64\release\pady_kinect.tlog\link.command.1.tlog
g:\pady_trajectoryoptimization\codes\pady_kinect-master\pady_kinect\x64\release\pady_kinect.tlog\link.read.1.tlog
g:\pady_trajectoryoptimization\codes\pady_kinect-master\pady_kinect\x64\release\pady_kinect.tlog\link.write.1.tlog
