  CostFunctions.cpp
C:\Program Files\opencv\build\include\opencv2/core/mat.hpp(1965): warning C4819: The file contains a character that cannot be represented in the current code page (932). Save the file in Unicode format to prevent data loss
C:\Program Files\opencv\build\include\opencv2/core/persistence.hpp : warning C4819: The file contains a character that cannot be represented in the current code page (932). Save the file in Unicode format to prevent data loss
C:\Program Files\opencv\build\include\opencv2/core/utility.hpp : warning C4819: The file contains a character that cannot be represented in the current code page (932). Save the file in Unicode format to prevent data loss
C:\Program Files\opencv\build\include\opencv2/core/utility.hpp : warning C4819: The file contains a character that cannot be represented in the current code page (932). Save the file in Unicode format to prevent data loss
CostFunctions.cpp(63): warning C4101: 'cost_3': unreferenced local variable
CostFunctions.cpp(246): warning C4244: '=': conversion from 'double' to 'int', possible loss of data
CostFunctions.cpp(247): warning C4244: '=': conversion from 'double' to 'int', possible loss of data
CostFunctions.cpp(265): warning C4101: 'cost_3': unreferenced local variable
CostFunctions.cpp(445): warning C4244: '=': conversion from 'double' to 'int', possible loss of data
CostFunctions.cpp(446): warning C4244: '=': conversion from 'double' to 'int', possible loss of data
CostFunctions.cpp(498): warning C4244: 'initializing': conversion from 'double' to 'int', possible loss of data
CostFunctions.cpp(536): warning C4244: '=': conversion from 'double' to 'int', possible loss of data
  GetState.cpp
C:\Program Files\opencv\build\include\opencv2/core/mat.hpp(1965): warning C4819: The file contains a character that cannot be represented in the current code page (932). Save the file in Unicode format to prevent data loss
C:\Program Files\opencv\build\include\opencv2/core/persistence.hpp : warning C4819: The file contains a character that cannot be represented in the current code page (932). Save the file in Unicode format to prevent data loss
C:\Program Files\opencv\build\include\opencv2/core/utility.hpp : warning C4819: The file contains a character that cannot be represented in the current code page (932). Save the file in Unicode format to prevent data loss
C:\Program Files\opencv\build\include\opencv2/core/utility.hpp : warning C4819: The file contains a character that cannot be represented in the current code page (932). Save the file in Unicode format to prevent data loss
GetState.cpp(232): warning C4244: 'argument': conversion from 'double' to 'int', possible loss of data
GetState.cpp(233): warning C4244: 'argument': conversion from 'double' to 'int', possible loss of data
GetState.cpp(235): warning C4244: 'argument': conversion from 'double' to 'int', possible loss of data
GetState.cpp(236): warning C4244: 'argument': conversion from 'double' to 'int', possible loss of data
GetState.cpp(237): warning C4244: 'argument': conversion from 'double' to 'int', possible loss of data
GetState.cpp(256): warning C4244: 'argument': conversion from 'double' to 'int', possible loss of data
GetState.cpp(257): warning C4244: 'argument': conversion from 'double' to 'int', possible loss of data
GetState.cpp(258): warning C4244: 'argument': conversion from 'double' to 'int', possible loss of data
GetState.cpp(264): warning C4244: 'argument': conversion from 'double' to 'int', possible loss of data
GetState.cpp(268): warning C4244: 'argument': conversion from 'double' to 'int', possible loss of data
GetState.cpp(269): warning C4244: 'argument': conversion from 'double' to 'int', possible loss of data
GetState.cpp(270): warning C4244: 'argument': conversion from 'double' to 'int', possible loss of data
GetState.cpp(271): warning C4244: 'argument': conversion from 'double' to 'int', possible loss of data
GetState.cpp(273): warning C4244: 'argument': conversion from 'double' to 'int', possible loss of data
GetState.cpp(326): warning C4244: '=': conversion from 'double' to 'int', possible loss of data
GetState.cpp(331): warning C4244: '=': conversion from 'double' to 'int', possible loss of data
  GMM.cpp
  main.cpp
C:\Program Files\opencv\build\include\opencv2/core/mat.hpp(1965): warning C4819: The file contains a character that cannot be represented in the current code page (932). Save the file in Unicode format to prevent data loss
C:\Program Files\opencv\build\include\opencv2/core/persistence.hpp : warning C4819: The file contains a character that cannot be represented in the current code page (932). Save the file in Unicode format to prevent data loss
C:\Program Files\opencv\build\include\opencv2/core/utility.hpp : warning C4819: The file contains a character that cannot be represented in the current code page (932). Save the file in Unicode format to prevent data loss
C:\Program Files\opencv\build\include\opencv2/core/utility.hpp : warning C4819: The file contains a character that cannot be represented in the current code page (932). Save the file in Unicode format to prevent data loss
main.cpp(100): warning C4018: '<': signed/unsigned mismatch
main.cpp(282): warning C4101: 'Array': unreferenced local variable
main.cpp(282): warning C4101: 'Filt': unreferenced local variable
  MPC.cpp
C:\Program Files\opencv\build\include\opencv2/core/mat.hpp(1965): warning C4819: The file contains a character that cannot be represented in the current code page (932). Save the file in Unicode format to prevent data loss
C:\Program Files\opencv\build\include\opencv2/core/persistence.hpp : warning C4819: The file contains a character that cannot be represented in the current code page (932). Save the file in Unicode format to prevent data loss
C:\Program Files\opencv\build\include\opencv2/core/utility.hpp : warning C4819: The file contains a character that cannot be represented in the current code page (932). Save the file in Unicode format to prevent data loss
C:\Program Files\opencv\build\include\opencv2/core/utility.hpp : warning C4819: The file contains a character that cannot be represented in the current code page (932). Save the file in Unicode format to prevent data loss
MPC.cpp(686): warning C4101: 'cost_3': unreferenced local variable
MPC.cpp(748): warning C4101: 'cost_3': unreferenced local variable
MPC.cpp(1000): warning C4244: '=': conversion from 'double' to 'int', possible loss of data
MPC.cpp(1001): warning C4244: '=': conversion from 'double' to 'int', possible loss of data
MPC.cpp(1051): warning C4244: '=': conversion from 'double' to 'int', possible loss of data
MPC.cpp(1052): warning C4244: '=': conversion from 'double' to 'int', possible loss of data
  StdCalculationLib.cpp
LINK : fatal error LNK1181: cannot open input file 'Kinect20.lib'
