2020/06/19 19:10:59 にビルドを開始しました。
     1>ノード 2 上のプロジェクト "C:\Users\kanazawa\Documents\Visual Studio 2015\Projects\Kinect_silviasan\Kinect_silviasan\Kinect_silviasan.vcxproj" (Rebuild ターゲット)。
     1>ClCompile:
         C:\Program Files (x86)\Microsoft Visual Studio 14.0\VC\bin\CL.exe /c /I\opencv\build\include /I"\Program Files\Microsoft SDKs\Kinect\v2.0_1409\inc" /I"C:\Users\kanazawa\Documents\Visual Studio 2015\Projects\Kinect_silviasan\eigen" /Zi /nologo /W3 /WX- /sdl /O2 /Oi /Oy- /GL /D WIN32 /D NDEBUG /D _CONSOLE /D _UNICODE /D UNICODE /Gm- /EHsc /MD /GS /Gy /fp:precise /Zc:wchar_t /Zc:forScope /Zc:inline /Fo"Release\\" /Fd"Release\vc140.pdb" /Gd /TP /analyze- /errorReport:prompt CostFunctions.cpp GetState.cpp main.cpp MPC.cpp
         CostFunctions.cpp
     1>CostFunctions.cpp(63): warning C4101: 'cost_3': ローカル変数は 1 度も使われていません。
     1>CostFunctions.cpp(246): warning C4244: '=': 'double' から 'int' への変換です。データが失われる可能性があります。
     1>CostFunctions.cpp(247): warning C4244: '=': 'double' から 'int' への変換です。データが失われる可能性があります。
     1>CostFunctions.cpp(265): warning C4101: 'cost_3': ローカル変数は 1 度も使われていません。
     1>CostFunctions.cpp(445): warning C4244: '=': 'double' から 'int' への変換です。データが失われる可能性があります。
     1>CostFunctions.cpp(446): warning C4244: '=': 'double' から 'int' への変換です。データが失われる可能性があります。
     1>CostFunctions.cpp(498): warning C4244: '初期化中': 'double' から 'int' への変換です。データが失われる可能性があります。
     1>CostFunctions.cpp(534): warning C4244: '=': 'double' から 'int' への変換です。データが失われる可能性があります。
         GetState.cpp
     1>GetState.cpp(240): warning C4244: '引数': 'double' から 'int' への変換です。データが失われる可能性があります。
     1>GetState.cpp(241): warning C4244: '引数': 'double' から 'int' への変換です。データが失われる可能性があります。
     1>GetState.cpp(243): warning C4244: '引数': 'double' から 'int' への変換です。データが失われる可能性があります。
     1>GetState.cpp(244): warning C4244: '引数': 'double' から 'int' への変換です。データが失われる可能性があります。
     1>GetState.cpp(245): warning C4244: '引数': 'double' から 'int' への変換です。データが失われる可能性があります。
     1>GetState.cpp(264): warning C4244: '引数': 'double' から 'int' への変換です。データが失われる可能性があります。
     1>GetState.cpp(265): warning C4244: '引数': 'double' から 'int' への変換です。データが失われる可能性があります。
     1>GetState.cpp(266): warning C4244: '引数': 'double' から 'int' への変換です。データが失われる可能性があります。
     1>GetState.cpp(272): warning C4244: '引数': 'double' から 'int' への変換です。データが失われる可能性があります。
     1>GetState.cpp(275): warning C4244: '引数': 'double' から 'int' への変換です。データが失われる可能性があります。
     1>GetState.cpp(276): warning C4244: '引数': 'double' から 'int' への変換です。データが失われる可能性があります。
     1>GetState.cpp(277): warning C4244: '引数': 'double' から 'int' への変換です。データが失われる可能性があります。
     1>GetState.cpp(278): warning C4244: '引数': 'double' から 'int' への変換です。データが失われる可能性があります。
     1>GetState.cpp(295): warning C4101: 'coordY': ローカル変数は 1 度も使われていません。
     1>GetState.cpp(295): warning C4101: 'coordX': ローカル変数は 1 度も使われていません。
     1>GetState.cpp(308): warning C4800: 'HRESULT': ブール値を 'true' または 'false' に強制的に設定します (警告の処理)
     1>GetState.cpp(335): warning C4101: 'faceProperties': ローカル変数は 1 度も使われていません。
     1>GetState.cpp(419): warning C4244: '=': 'double' から 'int' への変換です。データが失われる可能性があります。
     1>GetState.cpp(424): warning C4244: '=': 'double' から 'int' への変換です。データが失われる可能性があります。
         main.cpp
     1>main.cpp(128): warning C4101: 'Right_E': ローカル変数は 1 度も使われていません。
     1>main.cpp(128): warning C4101: 'Left_S': ローカル変数は 1 度も使われていません。
     1>main.cpp(128): warning C4101: 'Right_S': ローカル変数は 1 度も使われていません。
     1>main.cpp(128): warning C4101: 'Left_E': ローカル変数は 1 度も使われていません。
     1>main.cpp(270): warning C4244: '初期化中': 'double' から 'int' への変換です。データが失われる可能性があります。
     1>main.cpp(181): warning C4101: 'LHand': ローカル変数は 1 度も使われていません。
     1>main.cpp(181): warning C4101: 'LElbow': ローカル変数は 1 度も使われていません。
         MPC.cpp
       Link:
         C:\Program Files (x86)\Microsoft Visual Studio 14.0\VC\bin\link.exe /ERRORREPORT:PROMPT /OUT:"C:\Users\kanazawa\Documents\Visual Studio 2015\Projects\Kinect_silviasan\Release\Kinect_silviasan.exe" /INCREMENTAL:NO /NOLOGO /LIBPATH:"\Program Files\Microsoft SDKs\Kinect\v2.0_1409\Lib\x86" /LIBPATH:\opencv\build\x86\vc12\lib winmm.lib opencv_core249.lib opencv_highgui249.lib opencv_imgproc249.lib Kinect20.Face.lib Kinect20.lib kernel32.lib user32.lib gdi32.lib winspool.lib comdlg32.lib advapi32.lib shell32.lib ole32.lib oleaut32.lib uuid.lib odbc32.lib odbccp32.lib /MANIFEST /MANIFESTUAC:"level='asInvoker' uiAccess='false'" /manifest:embed /Debug /PDB:"C:\Users\kanazawa\Documents\Visual Studio 2015\Projects\Kinect_silviasan\Release\Kinect_silviasan.pdb" /SUBSYSTEM:CONSOLE /OPT:REF /OPT:ICF /LTCG:incremental /TLBID:1 /DYNAMICBASE /NXCOMPAT /IMPLIB:"C:\Users\kanazawa\Documents\Visual Studio 2015\Projects\Kinect_silviasan\Release\Kinect_silviasan.lib" /MACHINE:X86 /SAFESEH Release\CostFunctions.obj
         Release\GetState.obj
         Release\main.obj
         Release\MPC.obj
         コード生成しています。
         All 1565 functions were compiled because no usable IPDB/IOBJ from previous compilation was found.
         コード生成が終了しました。
         Kinect_silviasan.vcxproj -> C:\Users\kanazawa\Documents\Visual Studio 2015\Projects\Kinect_silviasan\Release\Kinect_silviasan.exe
     1>プロジェクト "C:\Users\kanazawa\Documents\Visual Studio 2015\Projects\Kinect_silviasan\Kinect_silviasan\Kinect_silviasan.vcxproj" (Rebuild ターゲット) のビルドが完了しました。

ビルドに成功しました。

経過時間 00:00:42.19
